#
# There is insufficient memory for the Java Runtime Environment to continue.
# Native memory allocation (malloc) failed to allocate 1139536 bytes for Chunk::new
# Possible reasons:
#   The system is out of physical RAM or swap space
#   The process is running with CompressedOops enabled, and the Java Heap may be blocking the growth of the native heap
# Possible solutions:
#   Reduce memory load on the system
#   Increase physical memory or swap space
#   Check if swap backing store is full
#   Decrease Java heap size (-Xmx/-Xms)
#   Decrease number of Java threads
#   Decrease Java thread stack sizes (-Xss)
#   Set larger code cache with -XX:ReservedCodeCacheSize=
#   JVM is running with Unscaled Compressed Oops mode in which the Java heap is
#     placed in the first 4GB address space. The Java Heap base address is the
#     maximum limit for the native heap growth. Please use -XX:HeapBaseMinAddress
#     to set the Java Heap base and to place the Java Heap above 4GB virtual address.
# This output file may be truncated or incomplete.
#
#  Out of Memory Error (arena.cpp:184), pid=24672, tid=11320
#
# JRE version: Java(TM) SE Runtime Environment (20.0+36) (build 20+36-2344)
# Java VM: Java HotSpot(TM) 64-Bit Server VM (20+36-2344, mixed mode, sharing, tiered, compressed oops, compressed class ptrs, g1 gc, windows-amd64)
# No core dump will be written. Minidumps are not enabled by default on client versions of Windows
#

---------------  S U M M A R Y ------------

Command Line: org.jetbrains.kotlin.cli.jvm.K2JVMCompiler @C:\Users\suraj\Desktop\Code\DhanRakshak\client\node_modules\expo-modules-core\android\build\20250817_17552662002750798311.compiler.options

Host: AMD Ryzen 5 5625U with Radeon Graphics         , 12 cores, 7G,  Windows 11 , 64 bit Build 26100 (10.0.26100.4768)
Time: Sun Aug 17 18:40:12 2025 India Standard Time elapsed time: 19.453217 seconds (0d 0h 0m 19s)

---------------  T H R E A D  ---------------

Current thread (0x000001fcfffdb170):  JavaThread "C2 CompilerThread0" daemon [_thread_in_native, id=11320, stack(0x000000b221800000,0x000000b221900000)]


Current CompileTask:
C2:  19453 10388       4       org.jetbrains.kotlin.resolve.calls.inference.components.VariableFixationFinderKt::extractProjectionsForAllCapturedTypes (390 bytes)

Stack: [0x000000b221800000,0x000000b221900000]
Native frames: (J=compiled Java code, j=interpreted, Vv=VM code, C=native code)
V  [jvm.dll+0x6bb95a]
V  [jvm.dll+0x8483aa]
V  [jvm.dll+0x849fa5]
V  [jvm.dll+0x84a6a3]
V  [jvm.dll+0x280b0f]
V  [jvm.dll+0xc2b11]
V  [jvm.dll+0xc2e35]
V  [jvm.dll+0x3bb142]
V  [jvm.dll+0x3857f5]
V  [jvm.dll+0x384c6a]
V  [jvm.dll+0x24b259]
V  [jvm.dll+0x24a651]
V  [jvm.dll+0x1ce491]
V  [jvm.dll+0x259e1b]
V  [jvm.dll+0x2584f0]
V  [jvm.dll+0x3f2895]
V  [jvm.dll+0x7f4906]
V  [jvm.dll+0x6ba5cb]
C  [ucrtbase.dll+0x37b0]
C  [KERNEL32.DLL+0x2e8d7]
C  [ntdll.dll+0x3c34c]


---------------  P R O C E S S  ---------------

Threads class SMR info:
_java_thread_list=0x000001fca0042cc0, length=11, elements={
0x000001fcfe22eb50, 0x000001fcfffb00a0, 0x000001fcfffb1160, 0x000001fcfffb6cc0,
0x000001fcfffb7210, 0x000001fcfffba2e0, 0x000001fcfffcf640, 0x000001fcfffdb170,
0x000001fcfffdb700, 0x000001fcfffcdbb0, 0x000001fcfffcf0f0
}

Java Threads: ( => current thread )
  0x000001fcfe22eb50 JavaThread "main" [_thread_in_native, id=29356, stack(0x000000b220b00000,0x000000b220c00000)]
  0x000001fcfffb00a0 JavaThread "Reference Handler" daemon [_thread_blocked, id=31632, stack(0x000000b221200000,0x000000b221300000)]
  0x000001fcfffb1160 JavaThread "Finalizer" daemon [_thread_blocked, id=28368, stack(0x000000b221300000,0x000000b221400000)]
  0x000001fcfffb6cc0 JavaThread "Signal Dispatcher" daemon [_thread_blocked, id=25960, stack(0x000000b221400000,0x000000b221500000)]
  0x000001fcfffb7210 JavaThread "Attach Listener" daemon [_thread_blocked, id=10412, stack(0x000000b221500000,0x000000b221600000)]
  0x000001fcfffba2e0 JavaThread "Service Thread" daemon [_thread_blocked, id=31424, stack(0x000000b221600000,0x000000b221700000)]
  0x000001fcfffcf640 JavaThread "Monitor Deflation Thread" daemon [_thread_blocked, id=20920, stack(0x000000b221700000,0x000000b221800000)]
=>0x000001fcfffdb170 JavaThread "C2 CompilerThread0" daemon [_thread_in_native, id=11320, stack(0x000000b221800000,0x000000b221900000)]
  0x000001fcfffdb700 JavaThread "C1 CompilerThread0" daemon [_thread_in_native, id=2544, stack(0x000000b221900000,0x000000b221a00000)]
  0x000001fcfffcdbb0 JavaThread "Notification Thread" daemon [_thread_blocked, id=29524, stack(0x000000b221a00000,0x000000b221b00000)]
  0x000001fcfffcf0f0 JavaThread "Common-Cleaner" daemon [_thread_blocked, id=3140, stack(0x000000b221c00000,0x000000b221d00000)]

Other Threads:
  0x000001fcfff8fab0 VMThread "VM Thread" [stack: 0x000000b221100000,0x000000b221200000] [id=16008]
  0x000001fc9f11fd70 WatcherThread "VM Periodic Task Thread" [stack: 0x000000b221b00000,0x000000b221c00000] [id=31068]
  0x000001fcfe2884f0 WorkerThread "GC Thread#0" [stack: 0x000000b220c00000,0x000000b220d00000] [id=23596]
  0x000001fc9f615700 WorkerThread "GC Thread#1" [stack: 0x000000b221d00000,0x000000b221e00000] [id=23828]
  0x000001fc9f615ca0 WorkerThread "GC Thread#2" [stack: 0x000000b221e00000,0x000000b221f00000] [id=17564]
  0x000001fc9f614350 WorkerThread "GC Thread#3" [stack: 0x000000b221f00000,0x000000b222000000] [id=31352]
  0x000001fc9f614620 WorkerThread "GC Thread#4" [stack: 0x000000b222000000,0x000000b222100000] [id=12316]
  0x000001fc9f6148f0 WorkerThread "GC Thread#5" [stack: 0x000000b222100000,0x000000b222200000] [id=3684]
  0x000001fc9fb74740 WorkerThread "GC Thread#6" [stack: 0x000000b222300000,0x000000b222400000] [id=12668]
  0x000001fc9fb73930 WorkerThread "GC Thread#7" [stack: 0x000000b222400000,0x000000b222500000] [id=30776]
  0x000001fc9fb73c00 WorkerThread "GC Thread#8" [stack: 0x000000b222500000,0x000000b222600000] [id=7024]
  0x000001fc9fb76630 WorkerThread "GC Thread#9" [stack: 0x000000b222700000,0x000000b222800000] [id=2932]
  0x000001fcfe298f50 ConcurrentGCThread "G1 Main Marker" [stack: 0x000000b220d00000,0x000000b220e00000] [id=19132]
  0x000001fcfe29d7e0 WorkerThread "G1 Conc#0" [stack: 0x000000b220e00000,0x000000b220f00000] [id=31724]
  0x000001fc9fb76900 WorkerThread "G1 Conc#1" [stack: 0x000000b222800000,0x000000b222900000] [id=28824]
  0x000001fc9fb76bd0 WorkerThread "G1 Conc#2" [stack: 0x000000b222900000,0x000000b222a00000] [id=1548]
  0x000001fcfe2dea10 ConcurrentGCThread "G1 Refine#0" [stack: 0x000000b220f00000,0x000000b221000000] [id=3160]
  0x000001fcffe53c20 ConcurrentGCThread "G1 Service" [stack: 0x000000b221000000,0x000000b221100000] [id=13812]

Threads with active compile tasks:
C2 CompilerThread0    19530 10388       4       org.jetbrains.kotlin.resolve.calls.inference.components.VariableFixationFinderKt::extractProjectionsForAllCapturedTypes (390 bytes)
C1 CompilerThread0    19530 10505       3       org.jetbrains.kotlin.fir.declarations.ImplicitReceiverUtilsKt::collectTowerDataElementsForClass (706 bytes)

VM state: not at safepoint (normal execution)

VM Mutex/Monitor currently owned by a thread: None

Heap address: 0x000000008a600000, size: 1882 MB, Compressed Oops mode: 32-bit

CDS archive(s) mapped at: [0x0000000800000000-0x0000000800c60000-0x0000000800c60000), size 12976128, SharedBaseAddress: 0x0000000800000000, ArchiveRelocationMode: 0.
Compressed class space mapped at: 0x0000000801000000-0x0000000841000000, reserved size: 1073741824
Narrow klass base: 0x0000000800000000, Narrow klass shift: 0, Narrow klass range: 0x100000000

GC Precious Log:
 CardTable entry size: 512
 Card Set container configuration: InlinePtr #cards 5 size 8 Array Of Cards #cards 12 size 40 Howl #buckets 4 coarsen threshold 1843 Howl Bitmap #cards 512 size 80 coarsen threshold 460 Card regions per heap region 1 cards per card region 2048
 CPUs: 12 total, 12 available
 Memory: 7520M
 Large Page Support: Disabled
 NUMA Support: Disabled
 Compressed Oops: Enabled (32-bit)
 Heap Region Size: 1M
 Heap Min Capacity: 8M
 Heap Initial Capacity: 118M
 Heap Max Capacity: 1882M
 Pre-touch: Disabled
 Parallel Workers: 10
 Concurrent Workers: 3
 Concurrent Refinement Workers: 10
 Periodic GC: Disabled

Heap:
 garbage-first heap   total 143360K, used 89352K [0x000000008a600000, 0x0000000100000000)
  region size 1024K, 7 young (7168K), 3 survivors (3072K)
 Metaspace       used 58824K, committed 59136K, reserved 1114112K
  class space    used 6700K, committed 6848K, reserved 1048576K

Heap Regions: E=young(eden), S=young(survivor), O=old, HS=humongous(starts), HC=humongous(continues), CS=collection set, F=free, OA=open archive, CA=closed archive, TAMS=top-at-mark-start, PB=parsable bottom
|   0|0x000000008a600000, 0x000000008a700000, 0x000000008a700000|100%|HS|  |TAMS 0x000000008a600000| PB 0x000000008a600000| Complete 
|   1|0x000000008a700000, 0x000000008a800000, 0x000000008a800000|100%|HC|  |TAMS 0x000000008a700000| PB 0x000000008a700000| Complete 
|   2|0x000000008a800000, 0x000000008a900000, 0x000000008a900000|100%|HC|  |TAMS 0x000000008a800000| PB 0x000000008a800000| Complete 
|   3|0x000000008a900000, 0x000000008aa00000, 0x000000008aa00000|100%| O|  |TAMS 0x000000008a900000| PB 0x000000008a900000| Untracked 
|   4|0x000000008aa00000, 0x000000008ab00000, 0x000000008ab00000|100%| O|  |TAMS 0x000000008aa00000| PB 0x000000008aa00000| Untracked 
|   5|0x000000008ab00000, 0x000000008abfa000, 0x000000008ac00000| 97%| O|  |TAMS 0x000000008ab00000| PB 0x000000008ab00000| Untracked 
|   6|0x000000008ac00000, 0x000000008ad00000, 0x000000008ad00000|100%| O|  |TAMS 0x000000008ac00000| PB 0x000000008ac00000| Untracked 
|   7|0x000000008ad00000, 0x000000008ae00000, 0x000000008ae00000|100%| O|  |TAMS 0x000000008ad00000| PB 0x000000008ad00000| Untracked 
|   8|0x000000008ae00000, 0x000000008af00000, 0x000000008af00000|100%| O|  |TAMS 0x000000008ae00000| PB 0x000000008ae00000| Untracked 
|   9|0x000000008af00000, 0x000000008b000000, 0x000000008b000000|100%| O|  |TAMS 0x000000008af00000| PB 0x000000008af00000| Untracked 
|  10|0x000000008b000000, 0x000000008b100000, 0x000000008b100000|100%| O|  |TAMS 0x000000008b000000| PB 0x000000008b000000| Untracked 
|  11|0x000000008b100000, 0x000000008b200000, 0x000000008b200000|100%| O|  |TAMS 0x000000008b100000| PB 0x000000008b100000| Untracked 
|  12|0x000000008b200000, 0x000000008b300000, 0x000000008b300000|100%| O|  |TAMS 0x000000008b200000| PB 0x000000008b200000| Untracked 
|  13|0x000000008b300000, 0x000000008b400000, 0x000000008b400000|100%| O|  |TAMS 0x000000008b300000| PB 0x000000008b300000| Untracked 
|  14|0x000000008b400000, 0x000000008b500000, 0x000000008b500000|100%| O|  |TAMS 0x000000008b400000| PB 0x000000008b400000| Untracked 
|  15|0x000000008b500000, 0x000000008b600000, 0x000000008b600000|100%| O|  |TAMS 0x000000008b500000| PB 0x000000008b500000| Untracked 
|  16|0x000000008b600000, 0x000000008b700000, 0x000000008b700000|100%| O|  |TAMS 0x000000008b600000| PB 0x000000008b600000| Untracked 
|  17|0x000000008b700000, 0x000000008b800000, 0x000000008b800000|100%| O|  |TAMS 0x000000008b700000| PB 0x000000008b700000| Untracked 
|  18|0x000000008b800000, 0x000000008b900000, 0x000000008b900000|100%| O|  |TAMS 0x000000008b800000| PB 0x000000008b800000| Untracked 
|  19|0x000000008b900000, 0x000000008ba00000, 0x000000008ba00000|100%| O|  |TAMS 0x000000008b900000| PB 0x000000008b900000| Untracked 
|  20|0x000000008ba00000, 0x000000008bb00000, 0x000000008bb00000|100%| O|  |TAMS 0x000000008ba00000| PB 0x000000008ba00000| Untracked 
|  21|0x000000008bb00000, 0x000000008bc00000, 0x000000008bc00000|100%| O|  |TAMS 0x000000008bb00000| PB 0x000000008bb00000| Untracked 
|  22|0x000000008bc00000, 0x000000008bd00000, 0x000000008bd00000|100%| O|  |TAMS 0x000000008bc00000| PB 0x000000008bc00000| Untracked 
|  23|0x000000008bd00000, 0x000000008be00000, 0x000000008be00000|100%| O|  |TAMS 0x000000008bd00000| PB 0x000000008bd00000| Untracked 
|  24|0x000000008be00000, 0x000000008bf00000, 0x000000008bf00000|100%| O|  |TAMS 0x000000008be00000| PB 0x000000008be00000| Untracked 
|  25|0x000000008bf00000, 0x000000008c000000, 0x000000008c000000|100%| O|  |TAMS 0x000000008bf00000| PB 0x000000008bf00000| Untracked 
|  26|0x000000008c000000, 0x000000008c100000, 0x000000008c100000|100%| O|  |TAMS 0x000000008c000000| PB 0x000000008c000000| Untracked 
|  27|0x000000008c100000, 0x000000008c200000, 0x000000008c200000|100%| O|  |TAMS 0x000000008c100000| PB 0x000000008c100000| Untracked 
|  28|0x000000008c200000, 0x000000008c300000, 0x000000008c300000|100%| O|  |TAMS 0x000000008c200000| PB 0x000000008c200000| Untracked 
|  29|0x000000008c300000, 0x000000008c400000, 0x000000008c400000|100%| O|  |TAMS 0x000000008c300000| PB 0x000000008c300000| Untracked 
|  30|0x000000008c400000, 0x000000008c500000, 0x000000008c500000|100%| O|  |TAMS 0x000000008c400000| PB 0x000000008c400000| Untracked 
|  31|0x000000008c500000, 0x000000008c600000, 0x000000008c600000|100%| O|  |TAMS 0x000000008c500000| PB 0x000000008c500000| Untracked 
|  32|0x000000008c600000, 0x000000008c700000, 0x000000008c700000|100%| O|  |TAMS 0x000000008c600000| PB 0x000000008c600000| Untracked 
|  33|0x000000008c700000, 0x000000008c800000, 0x000000008c800000|100%| O|  |TAMS 0x000000008c700000| PB 0x000000008c700000| Untracked 
|  34|0x000000008c800000, 0x000000008c900000, 0x000000008c900000|100%| O|  |TAMS 0x000000008c800000| PB 0x000000008c800000| Untracked 
|  35|0x000000008c900000, 0x000000008ca00000, 0x000000008ca00000|100%| O|  |TAMS 0x000000008c900000| PB 0x000000008c900000| Untracked 
|  36|0x000000008ca00000, 0x000000008cb00000, 0x000000008cb00000|100%| O|  |TAMS 0x000000008ca00000| PB 0x000000008ca00000| Untracked 
|  37|0x000000008cb00000, 0x000000008cc00000, 0x000000008cc00000|100%| O|  |TAMS 0x000000008cb00000| PB 0x000000008cb00000| Untracked 
|  38|0x000000008cc00000, 0x000000008cd00000, 0x000000008cd00000|100%| O|  |TAMS 0x000000008cc00000| PB 0x000000008cc00000| Untracked 
|  39|0x000000008cd00000, 0x000000008ce00000, 0x000000008ce00000|100%| O|  |TAMS 0x000000008cd00000| PB 0x000000008cd00000| Untracked 
|  40|0x000000008ce00000, 0x000000008cf00000, 0x000000008cf00000|100%| O|  |TAMS 0x000000008ce00000| PB 0x000000008ce00000| Untracked 
|  41|0x000000008cf00000, 0x000000008d000000, 0x000000008d000000|100%| O|  |TAMS 0x000000008cf00000| PB 0x000000008cf00000| Untracked 
|  42|0x000000008d000000, 0x000000008d100000, 0x000000008d100000|100%| O|  |TAMS 0x000000008d000000| PB 0x000000008d000000| Complete 
|  43|0x000000008d100000, 0x000000008d200000, 0x000000008d200000|100%| O|  |TAMS 0x000000008d100000| PB 0x000000008d100000| Untracked 
|  44|0x000000008d200000, 0x000000008d300000, 0x000000008d300000|100%| O|  |TAMS 0x000000008d200000| PB 0x000000008d200000| Untracked 
|  45|0x000000008d300000, 0x000000008d400000, 0x000000008d400000|100%| O|  |TAMS 0x000000008d300000| PB 0x000000008d300000| Untracked 
|  46|0x000000008d400000, 0x000000008d500000, 0x000000008d500000|100%| O|  |TAMS 0x000000008d400000| PB 0x000000008d400000| Untracked 
|  47|0x000000008d500000, 0x000000008d600000, 0x000000008d600000|100%| O|  |TAMS 0x000000008d500000| PB 0x000000008d500000| Untracked 
|  48|0x000000008d600000, 0x000000008d700000, 0x000000008d700000|100%| O|  |TAMS 0x000000008d600000| PB 0x000000008d600000| Untracked 
|  49|0x000000008d700000, 0x000000008d800000, 0x000000008d800000|100%| O|  |TAMS 0x000000008d700000| PB 0x000000008d700000| Untracked 
|  50|0x000000008d800000, 0x000000008d900000, 0x000000008d900000|100%| O|  |TAMS 0x000000008d800000| PB 0x000000008d800000| Untracked 
|  51|0x000000008d900000, 0x000000008da00000, 0x000000008da00000|100%| O|  |TAMS 0x000000008d900000| PB 0x000000008d900000| Untracked 
|  52|0x000000008da00000, 0x000000008db00000, 0x000000008db00000|100%| O|  |TAMS 0x000000008da00000| PB 0x000000008da00000| Untracked 
|  53|0x000000008db00000, 0x000000008dc00000, 0x000000008dc00000|100%| O|  |TAMS 0x000000008db00000| PB 0x000000008db00000| Untracked 
|  54|0x000000008dc00000, 0x000000008dd00000, 0x000000008dd00000|100%| O|  |TAMS 0x000000008dc00000| PB 0x000000008dc00000| Untracked 
|  55|0x000000008dd00000, 0x000000008de00000, 0x000000008de00000|100%| O|  |TAMS 0x000000008dd00000| PB 0x000000008dd00000| Untracked 
|  56|0x000000008de00000, 0x000000008df00000, 0x000000008df00000|100%| O|  |TAMS 0x000000008de00000| PB 0x000000008de00000| Untracked 
|  57|0x000000008df00000, 0x000000008e000000, 0x000000008e000000|100%| O|  |TAMS 0x000000008df00000| PB 0x000000008df00000| Complete 
|  58|0x000000008e000000, 0x000000008e100000, 0x000000008e100000|100%| O|  |TAMS 0x000000008e000000| PB 0x000000008e000000| Untracked 
|  59|0x000000008e100000, 0x000000008e200000, 0x000000008e200000|100%| O|  |TAMS 0x000000008e100000| PB 0x000000008e100000| Untracked 
|  60|0x000000008e200000, 0x000000008e300000, 0x000000008e300000|100%| O|  |TAMS 0x000000008e200000| PB 0x000000008e200000| Untracked 
|  61|0x000000008e300000, 0x000000008e400000, 0x000000008e400000|100%| O|  |TAMS 0x000000008e300000| PB 0x000000008e300000| Untracked 
|  62|0x000000008e400000, 0x000000008e500000, 0x000000008e500000|100%| O|  |TAMS 0x000000008e400000| PB 0x000000008e400000| Untracked 
|  63|0x000000008e500000, 0x000000008e600000, 0x000000008e600000|100%| O|  |TAMS 0x000000008e500000| PB 0x000000008e500000| Untracked 
|  64|0x000000008e600000, 0x000000008e700000, 0x000000008e700000|100%| O|  |TAMS 0x000000008e600000| PB 0x000000008e600000| Untracked 
|  65|0x000000008e700000, 0x000000008e800000, 0x000000008e800000|100%| O|  |TAMS 0x000000008e700000| PB 0x000000008e700000| Untracked 
|  66|0x000000008e800000, 0x000000008e900000, 0x000000008e900000|100%| O|  |TAMS 0x000000008e800000| PB 0x000000008e800000| Untracked 
|  67|0x000000008e900000, 0x000000008ea00000, 0x000000008ea00000|100%| O|  |TAMS 0x000000008e900000| PB 0x000000008e900000| Untracked 
|  68|0x000000008ea00000, 0x000000008eb00000, 0x000000008eb00000|100%| O|  |TAMS 0x000000008ea00000| PB 0x000000008ea00000| Untracked 
|  69|0x000000008eb00000, 0x000000008ec00000, 0x000000008ec00000|100%| O|  |TAMS 0x000000008eb00000| PB 0x000000008eb00000| Untracked 
|  70|0x000000008ec00000, 0x000000008ed00000, 0x000000008ed00000|100%| O|  |TAMS 0x000000008ec00000| PB 0x000000008ec00000| Untracked 
|  71|0x000000008ed00000, 0x000000008ee00000, 0x000000008ee00000|100%| O|  |TAMS 0x000000008ed00000| PB 0x000000008ed00000| Untracked 
|  72|0x000000008ee00000, 0x000000008ef00000, 0x000000008ef00000|100%| O|  |TAMS 0x000000008ee00000| PB 0x000000008ee00000| Untracked 
|  73|0x000000008ef00000, 0x000000008f000000, 0x000000008f000000|100%| O|  |TAMS 0x000000008ef00000| PB 0x000000008ef00000| Untracked 
|  74|0x000000008f000000, 0x000000008f000000, 0x000000008f100000|  0%| F|  |TAMS 0x000000008f000000| PB 0x000000008f000000| Untracked 
|  75|0x000000008f100000, 0x000000008f100000, 0x000000008f200000|  0%| F|  |TAMS 0x000000008f100000| PB 0x000000008f100000| Untracked 
|  76|0x000000008f200000, 0x000000008f200000, 0x000000008f300000|  0%| F|  |TAMS 0x000000008f200000| PB 0x000000008f200000| Untracked 
|  77|0x000000008f300000, 0x000000008f300000, 0x000000008f400000|  0%| F|  |TAMS 0x000000008f300000| PB 0x000000008f300000| Untracked 
|  78|0x000000008f400000, 0x000000008f400000, 0x000000008f500000|  0%| F|  |TAMS 0x000000008f400000| PB 0x000000008f400000| Untracked 
|  79|0x000000008f500000, 0x000000008f500000, 0x000000008f600000|  0%| F|  |TAMS 0x000000008f500000| PB 0x000000008f500000| Untracked 
|  80|0x000000008f600000, 0x000000008f600000, 0x000000008f700000|  0%| F|  |TAMS 0x000000008f600000| PB 0x000000008f600000| Untracked 
|  81|0x000000008f700000, 0x000000008f700000, 0x000000008f800000|  0%| F|  |TAMS 0x000000008f700000| PB 0x000000008f700000| Untracked 
|  82|0x000000008f800000, 0x000000008f800000, 0x000000008f900000|  0%| F|  |TAMS 0x000000008f800000| PB 0x000000008f800000| Untracked 
|  83|0x000000008f900000, 0x000000008f900000, 0x000000008fa00000|  0%| F|  |TAMS 0x000000008f900000| PB 0x000000008f900000| Untracked 
|  84|0x000000008fa00000, 0x000000008fa00000, 0x000000008fb00000|  0%| F|  |TAMS 0x000000008fa00000| PB 0x000000008fa00000| Untracked 
|  85|0x000000008fb00000, 0x000000008fb00000, 0x000000008fc00000|  0%| F|  |TAMS 0x000000008fb00000| PB 0x000000008fb00000| Untracked 
|  86|0x000000008fc00000, 0x000000008fc00000, 0x000000008fd00000|  0%| F|  |TAMS 0x000000008fc00000| PB 0x000000008fc00000| Untracked 
|  87|0x000000008fd00000, 0x000000008fd00000, 0x000000008fe00000|  0%| F|  |TAMS 0x000000008fd00000| PB 0x000000008fd00000| Untracked 
|  88|0x000000008fe00000, 0x000000008fe00000, 0x000000008ff00000|  0%| F|  |TAMS 0x000000008fe00000| PB 0x000000008fe00000| Untracked 
|  89|0x000000008ff00000, 0x000000008ff00000, 0x0000000090000000|  0%| F|  |TAMS 0x000000008ff00000| PB 0x000000008ff00000| Untracked 
|  90|0x0000000090000000, 0x0000000090000000, 0x0000000090100000|  0%| F|  |TAMS 0x0000000090000000| PB 0x0000000090000000| Untracked 
|  91|0x0000000090100000, 0x0000000090100000, 0x0000000090200000|  0%| F|  |TAMS 0x0000000090100000| PB 0x0000000090100000| Untracked 
|  92|0x0000000090200000, 0x0000000090200000, 0x0000000090300000|  0%| F|  |TAMS 0x0000000090200000| PB 0x0000000090200000| Untracked 
|  93|0x0000000090300000, 0x0000000090300000, 0x0000000090400000|  0%| F|  |TAMS 0x0000000090300000| PB 0x0000000090300000| Untracked 
|  94|0x0000000090400000, 0x0000000090400000, 0x0000000090500000|  0%| F|  |TAMS 0x0000000090400000| PB 0x0000000090400000| Untracked 
|  95|0x0000000090500000, 0x0000000090500000, 0x0000000090600000|  0%| F|  |TAMS 0x0000000090500000| PB 0x0000000090500000| Untracked 
|  96|0x0000000090600000, 0x0000000090600000, 0x0000000090700000|  0%| F|  |TAMS 0x0000000090600000| PB 0x0000000090600000| Untracked 
|  97|0x0000000090700000, 0x0000000090700000, 0x0000000090800000|  0%| F|  |TAMS 0x0000000090700000| PB 0x0000000090700000| Untracked 
|  98|0x0000000090800000, 0x0000000090800000, 0x0000000090900000|  0%| F|  |TAMS 0x0000000090800000| PB 0x0000000090800000| Untracked 
|  99|0x0000000090900000, 0x0000000090900000, 0x0000000090a00000|  0%| F|  |TAMS 0x0000000090900000| PB 0x0000000090900000| Untracked 
| 100|0x0000000090a00000, 0x0000000090a00000, 0x0000000090b00000|  0%| F|  |TAMS 0x0000000090a00000| PB 0x0000000090a00000| Untracked 
| 101|0x0000000090b00000, 0x0000000090b00000, 0x0000000090c00000|  0%| F|  |TAMS 0x0000000090b00000| PB 0x0000000090b00000| Untracked 
| 102|0x0000000090c00000, 0x0000000090c00000, 0x0000000090d00000|  0%| F|  |TAMS 0x0000000090c00000| PB 0x0000000090c00000| Untracked 
| 103|0x0000000090d00000, 0x0000000090d00000, 0x0000000090e00000|  0%| F|  |TAMS 0x0000000090d00000| PB 0x0000000090d00000| Untracked 
| 104|0x0000000090e00000, 0x0000000090e48018, 0x0000000090f00000| 28%| S|CS|TAMS 0x0000000090e00000| PB 0x0000000090e00000| Complete 
| 105|0x0000000090f00000, 0x0000000091000000, 0x0000000091000000|100%| S|CS|TAMS 0x0000000090f00000| PB 0x0000000090f00000| Complete 
| 106|0x0000000091000000, 0x0000000091100000, 0x0000000091100000|100%| S|CS|TAMS 0x0000000091000000| PB 0x0000000091000000| Complete 
| 107|0x0000000091100000, 0x0000000091100000, 0x0000000091200000|  0%| F|  |TAMS 0x0000000091100000| PB 0x0000000091100000| Untracked 
| 108|0x0000000091200000, 0x0000000091200000, 0x0000000091300000|  0%| F|  |TAMS 0x0000000091200000| PB 0x0000000091200000| Untracked 
| 109|0x0000000091300000, 0x0000000091300000, 0x0000000091400000|  0%| F|  |TAMS 0x0000000091300000| PB 0x0000000091300000| Untracked 
| 110|0x0000000091400000, 0x0000000091400000, 0x0000000091500000|  0%| F|  |TAMS 0x0000000091400000| PB 0x0000000091400000| Untracked 
| 111|0x0000000091500000, 0x0000000091500000, 0x0000000091600000|  0%| F|  |TAMS 0x0000000091500000| PB 0x0000000091500000| Untracked 
| 112|0x0000000091600000, 0x0000000091600000, 0x0000000091700000|  0%| F|  |TAMS 0x0000000091600000| PB 0x0000000091600000| Untracked 
| 113|0x0000000091700000, 0x0000000091700000, 0x0000000091800000|  0%| F|  |TAMS 0x0000000091700000| PB 0x0000000091700000| Untracked 
| 114|0x0000000091800000, 0x0000000091800000, 0x0000000091900000|  0%| F|  |TAMS 0x0000000091800000| PB 0x0000000091800000| Untracked 
| 115|0x0000000091900000, 0x0000000091900000, 0x0000000091a00000|  0%| F|  |TAMS 0x0000000091900000| PB 0x0000000091900000| Untracked 
| 116|0x0000000091a00000, 0x0000000091a00000, 0x0000000091b00000|  0%| F|  |TAMS 0x0000000091a00000| PB 0x0000000091a00000| Untracked 
| 117|0x0000000091b00000, 0x0000000091b00000, 0x0000000091c00000|  0%| F|  |TAMS 0x0000000091b00000| PB 0x0000000091b00000| Untracked 
| 118|0x0000000091c00000, 0x0000000091c00000, 0x0000000091d00000|  0%| F|  |TAMS 0x0000000091c00000| PB 0x0000000091c00000| Untracked 
| 119|0x0000000091d00000, 0x0000000091d00000, 0x0000000091e00000|  0%| F|  |TAMS 0x0000000091d00000| PB 0x0000000091d00000| Untracked 
| 120|0x0000000091e00000, 0x0000000091e00000, 0x0000000091f00000|  0%| F|  |TAMS 0x0000000091e00000| PB 0x0000000091e00000| Untracked 
| 121|0x0000000091f00000, 0x0000000091f00000, 0x0000000092000000|  0%| F|  |TAMS 0x0000000091f00000| PB 0x0000000091f00000| Untracked 
| 122|0x0000000092000000, 0x0000000092000000, 0x0000000092100000|  0%| F|  |TAMS 0x0000000092000000| PB 0x0000000092000000| Untracked 
| 123|0x0000000092100000, 0x0000000092100000, 0x0000000092200000|  0%| F|  |TAMS 0x0000000092100000| PB 0x0000000092100000| Untracked 
| 124|0x0000000092200000, 0x0000000092200000, 0x0000000092300000|  0%| F|  |TAMS 0x0000000092200000| PB 0x0000000092200000| Untracked 
| 125|0x0000000092300000, 0x0000000092300000, 0x0000000092400000|  0%| F|  |TAMS 0x0000000092300000| PB 0x0000000092300000| Untracked 
| 126|0x0000000092400000, 0x000000009247feb8, 0x0000000092500000| 49%| E|  |TAMS 0x0000000092400000| PB 0x0000000092400000| Complete 
| 127|0x0000000092500000, 0x0000000092600000, 0x0000000092600000|100%| E|CS|TAMS 0x0000000092500000| PB 0x0000000092500000| Complete 
| 128|0x0000000092600000, 0x0000000092700000, 0x0000000092700000|100%| E|CS|TAMS 0x0000000092600000| PB 0x0000000092600000| Complete 
| 129|0x0000000092700000, 0x0000000092800000, 0x0000000092800000|100%| E|  |TAMS 0x0000000092700000| PB 0x0000000092700000| Complete 
| 130|0x0000000092800000, 0x0000000092900000, 0x0000000092900000|100%| E|CS|TAMS 0x0000000092800000| PB 0x0000000092800000| Complete 
|1873|0x00000000ff700000, 0x00000000ff800000, 0x00000000ff800000|100%| O|  |TAMS 0x00000000ff700000| PB 0x00000000ff700000| Untracked 
|1874|0x00000000ff800000, 0x00000000ff900000, 0x00000000ff900000|100%| O|  |TAMS 0x00000000ff800000| PB 0x00000000ff800000| Untracked 
|1875|0x00000000ff900000, 0x00000000ffa00000, 0x00000000ffa00000|100%| O|  |TAMS 0x00000000ff900000| PB 0x00000000ff900000| Untracked 
|1876|0x00000000ffa00000, 0x00000000ffb00000, 0x00000000ffb00000|100%| O|  |TAMS 0x00000000ffa00000| PB 0x00000000ffa00000| Untracked 
|1877|0x00000000ffb00000, 0x00000000ffc00000, 0x00000000ffc00000|100%| O|  |TAMS 0x00000000ffb00000| PB 0x00000000ffb00000| Untracked 
|1878|0x00000000ffc00000, 0x00000000ffd00000, 0x00000000ffd00000|100%| O|  |TAMS 0x00000000ffc00000| PB 0x00000000ffc00000| Untracked 
|1879|0x00000000ffd00000, 0x00000000ffe00000, 0x00000000ffe00000|100%| O|  |TAMS 0x00000000ffd00000| PB 0x00000000ffd00000| Untracked 
|1880|0x00000000ffe00000, 0x00000000fff00000, 0x00000000fff00000|100%| O|  |TAMS 0x00000000ffe00000| PB 0x00000000ffe00000| Untracked 
|1881|0x00000000fff00000, 0x0000000100000000, 0x0000000100000000|100%| O|  |TAMS 0x00000000fff00000| PB 0x00000000fff00000| Untracked 

Card table byte_map: [0x000001fcfebe0000,0x000001fcfef90000] _byte_map_base: 0x000001fcfe78d000

Marking Bits: (CMBitMap*) 0x000001fcfe288b20
 Bits: [0x000001fc96ff0000, 0x000001fc98d58000)

Polling page: 0x000001fcfc0e0000

Metaspace:

Usage:
  Non-class:     50.90 MB used.
      Class:      6.54 MB used.
       Both:     57.45 MB used.

Virtual space:
  Non-class space:       64.00 MB reserved,      51.06 MB ( 80%) committed,  1 nodes.
      Class space:        1.00 GB reserved,       6.69 MB ( <1%) committed,  1 nodes.
             Both:        1.06 GB reserved,      57.75 MB (  5%) committed. 

Chunk freelists:
   Non-Class:  64.00 KB
       Class:  1.33 MB
        Both:  1.39 MB

MaxMetaspaceSize: unlimited
CompressedClassSpaceSize: 1.00 GB
Initial GC threshold: 21.00 MB
Current GC threshold: 94.94 MB
CDS: on
MetaspaceReclaimPolicy: balanced
 - commit_granule_bytes: 65536.
 - commit_granule_words: 8192.
 - virtual_space_node_default_size: 8388608.
 - enlarge_chunks_in_place: 1.
 - new_chunks_are_fully_committed: 0.
 - uncommit_free_chunks: 1.
 - use_allocation_guard: 0.


Internal statistics:

num_allocs_failed_limit: 6.
num_arena_births: 358.
num_arena_deaths: 0.
num_vsnodes_births: 2.
num_vsnodes_deaths: 0.
num_space_committed: 922.
num_space_uncommitted: 0.
num_chunks_returned_to_freelist: 6.
num_chunks_taken_from_freelist: 2399.
num_chunk_merges: 6.
num_chunk_splits: 1942.
num_chunks_enlarged: 1759.
num_inconsistent_stats: 0.

CodeHeap 'non-profiled nmethods': size=120000Kb used=4369Kb max_used=4369Kb free=115630Kb
 bounds [0x000001fc8fac0000, 0x000001fc8ff10000, 0x000001fc96ff0000]
CodeHeap 'profiled nmethods': size=120000Kb used=28867Kb max_used=28867Kb free=91132Kb
 bounds [0x000001fc87ff0000, 0x000001fc89c30000, 0x000001fc8f520000]
CodeHeap 'non-nmethods': size=5760Kb used=1727Kb max_used=1773Kb free=4032Kb
 bounds [0x000001fc8f520000, 0x000001fc8f790000, 0x000001fc8fac0000]
 total_blobs=9994 nmethods=9305 adapters=596
 compilation: enabled
              stopped_count=0, restarted_count=0
 full_count=0

Compilation events (20 events):
Event: 18.430 Thread 0x000001fcfffdb700 nmethod 10437 0x000001fc89ba6f90 code [0x000001fc89ba7180, 0x000001fc89ba7718]
Event: 18.431 Thread 0x000001fcfffdb700 10448       3       org.jetbrains.kotlin.fir.resolve.dfa.cfg.ControlFlowGraphNodeBuilderKt::createFunctionCallArgumentsEnterNode (30 bytes)
Event: 18.433 Thread 0x000001fcfffdb700 nmethod 10448 0x000001fc89ba7990 code [0x000001fc89ba7d80, 0x000001fc89ba9868]
Event: 18.433 Thread 0x000001fcfffdb700 10447       3       org.jetbrains.kotlin.fir.resolve.calls.candidate.CallInfo::equals (299 bytes)
Event: 18.436 Thread 0x000001fcfffdb700 nmethod 10447 0x000001fc89baa290 code [0x000001fc89baa6e0, 0x000001fc89bacd78]
Event: 18.436 Thread 0x000001fcfffdb700 10439       1       org.jetbrains.kotlin.fir.resolve.dfa.cfg.FunctionEnterNode::getFir (5 bytes)
Event: 18.436 Thread 0x000001fcfffdb700 nmethod 10439 0x000001fc8ff02710 code [0x000001fc8ff02880, 0x000001fc8ff02948]
Event: 18.436 Thread 0x000001fcfffdb700 10449       1       org.jetbrains.kotlin.fir.resolve.calls.stages.ReceiverDescription::getType (5 bytes)
Event: 18.436 Thread 0x000001fcfffdb700 nmethod 10449 0x000001fc8ff02a10 code [0x000001fc8ff02b80, 0x000001fc8ff02c48]
Event: 18.439 Thread 0x000001fcfffdb700 10451       1       org.jetbrains.kotlin.fir.expressions.impl.FirClassReferenceExpressionImpl::getConeTypeOrNull (5 bytes)
Event: 18.439 Thread 0x000001fcfffdb700 nmethod 10451 0x000001fc8ff02d10 code [0x000001fc8ff02e80, 0x000001fc8ff02f48]
Event: 18.440 Thread 0x000001fcfffdb700 10452       3       org.jetbrains.kotlin.fir.java.deserialization.JvmBinaryAnnotationDeserializer::loadPropertyGetterAnnotations (61 bytes)
Event: 18.441 Thread 0x000001fcfffdb700 nmethod 10452 0x000001fc89bad390 code [0x000001fc89bad6a0, 0x000001fc89bae708]
Event: 18.442 Thread 0x000001fcfffdb700 10453       3       org.jetbrains.kotlin.metadata.jvm.deserialization.JvmMetadataVersion::newerThan (48 bytes)
Event: 18.442 Thread 0x000001fcfffdb700 nmethod 10453 0x000001fc89baed10 code [0x000001fc89baeea0, 0x000001fc89baf140]
Event: 18.443 Thread 0x000001fcfffdb700 10455       3       org.jetbrains.kotlin.fir.deserialization.AbstractFirDeserializedSymbolProvider::findAndDeserializeClass (234 bytes)
Event: 18.447 Thread 0x000001fcfffdb700 nmethod 10455 0x000001fc89baf210 code [0x000001fc89baf860, 0x000001fc89bb3360]
Event: 18.447 Thread 0x000001fcfffdb700 10458       3       org.jetbrains.kotlin.resolve.jvm.KotlinJavaPsiFacade::finders (30 bytes)
Event: 18.447 Thread 0x000001fcfffdb700 nmethod 10458 0x000001fc89bb4710 code [0x000001fc89bb48c0, 0x000001fc89bb4b20]
Event: 18.447 Thread 0x000001fcfffdb700 10456   !   3       org.jetbrains.kotlin.fir.java.deserialization.JvmClassFileBasedSymbolProvider::extractClassMetadata (525 bytes)

GC Heap History (20 events):
Event: 7.401 GC heap before
{Heap before GC invocations=9 (full 0):
 garbage-first heap   total 84992K, used 66449K [0x000000008a600000, 0x0000000100000000)
  region size 1024K, 30 young (30720K), 3 survivors (3072K)
 Metaspace       used 39653K, committed 40000K, reserved 1114112K
  class space    used 4636K, committed 4800K, reserved 1048576K
}
Event: 7.415 GC heap after
{Heap after GC invocations=10 (full 0):
 garbage-first heap   total 84992K, used 44008K [0x000000008a600000, 0x0000000100000000)
  region size 1024K, 4 young (4096K), 4 survivors (4096K)
 Metaspace       used 39653K, committed 40000K, reserved 1114112K
  class space    used 4636K, committed 4800K, reserved 1048576K
}
Event: 7.627 GC heap before
{Heap before GC invocations=10 (full 0):
 garbage-first heap   total 84992K, used 69608K [0x000000008a600000, 0x0000000100000000)
  region size 1024K, 29 young (29696K), 4 survivors (4096K)
 Metaspace       used 40109K, committed 40384K, reserved 1114112K
  class space    used 4666K, committed 4800K, reserved 1048576K
}
Event: 7.647 GC heap after
{Heap after GC invocations=11 (full 0):
 garbage-first heap   total 84992K, used 52200K [0x000000008a600000, 0x0000000100000000)
  region size 1024K, 4 young (4096K), 4 survivors (4096K)
 Metaspace       used 40109K, committed 40384K, reserved 1114112K
  class space    used 4666K, committed 4800K, reserved 1048576K
}
Event: 9.165 GC heap before
{Heap before GC invocations=11 (full 0):
 garbage-first heap   total 84992K, used 70632K [0x000000008a600000, 0x0000000100000000)
  region size 1024K, 23 young (23552K), 4 survivors (4096K)
 Metaspace       used 44910K, committed 45184K, reserved 1114112K
  class space    used 5283K, committed 5440K, reserved 1048576K
}
Event: 9.176 GC heap after
{Heap after GC invocations=12 (full 0):
 garbage-first heap   total 84992K, used 54124K [0x000000008a600000, 0x0000000100000000)
  region size 1024K, 2 young (2048K), 2 survivors (2048K)
 Metaspace       used 44910K, committed 45184K, reserved 1114112K
  class space    used 5283K, committed 5440K, reserved 1048576K
}
Event: 10.110 GC heap before
{Heap before GC invocations=13 (full 0):
 garbage-first heap   total 94208K, used 72556K [0x000000008a600000, 0x0000000100000000)
  region size 1024K, 20 young (20480K), 2 survivors (2048K)
 Metaspace       used 48071K, committed 48384K, reserved 1114112K
  class space    used 5666K, committed 5824K, reserved 1048576K
}
Event: 10.120 GC heap after
{Heap after GC invocations=14 (full 0):
 garbage-first heap   total 94208K, used 56761K [0x000000008a600000, 0x0000000100000000)
  region size 1024K, 3 young (3072K), 3 survivors (3072K)
 Metaspace       used 48071K, committed 48384K, reserved 1114112K
  class space    used 5666K, committed 5824K, reserved 1048576K
}
Event: 10.896 GC heap before
{Heap before GC invocations=14 (full 0):
 garbage-first heap   total 94208K, used 80313K [0x000000008a600000, 0x0000000100000000)
  region size 1024K, 26 young (26624K), 3 survivors (3072K)
 Metaspace       used 49943K, committed 50240K, reserved 1114112K
  class space    used 5878K, committed 6016K, reserved 1048576K
}
Event: 10.919 GC heap after
{Heap after GC invocations=15 (full 0):
 garbage-first heap   total 94208K, used 63126K [0x000000008a600000, 0x0000000100000000)
  region size 1024K, 4 young (4096K), 4 survivors (4096K)
 Metaspace       used 49943K, committed 50240K, reserved 1114112K
  class space    used 5878K, committed 6016K, reserved 1048576K
}
Event: 11.634 GC heap before
{Heap before GC invocations=15 (full 0):
 garbage-first heap   total 94208K, used 81558K [0x000000008a600000, 0x0000000100000000)
  region size 1024K, 22 young (22528K), 4 survivors (4096K)
 Metaspace       used 50602K, committed 50880K, reserved 1114112K
  class space    used 5931K, committed 6080K, reserved 1048576K
}
Event: 11.659 GC heap after
{Heap after GC invocations=16 (full 0):
 garbage-first heap   total 124928K, used 67539K [0x000000008a600000, 0x0000000100000000)
  region size 1024K, 3 young (3072K), 3 survivors (3072K)
 Metaspace       used 50602K, committed 50880K, reserved 1114112K
  class space    used 5931K, committed 6080K, reserved 1048576K
}
Event: 13.790 GC heap before
{Heap before GC invocations=17 (full 0):
 garbage-first heap   total 124928K, used 105427K [0x000000008a600000, 0x0000000100000000)
  region size 1024K, 40 young (40960K), 3 survivors (3072K)
 Metaspace       used 54838K, committed 55168K, reserved 1114112K
  class space    used 6368K, committed 6528K, reserved 1048576K
}
Event: 13.814 GC heap after
{Heap after GC invocations=18 (full 0):
 garbage-first heap   total 124928K, used 73659K [0x000000008a600000, 0x0000000100000000)
  region size 1024K, 5 young (5120K), 5 survivors (5120K)
 Metaspace       used 54838K, committed 55168K, reserved 1114112K
  class space    used 6368K, committed 6528K, reserved 1048576K
}
Event: 14.818 GC heap before
{Heap before GC invocations=18 (full 0):
 garbage-first heap   total 124928K, used 107451K [0x000000008a600000, 0x0000000100000000)
  region size 1024K, 38 young (38912K), 5 survivors (5120K)
 Metaspace       used 56613K, committed 56960K, reserved 1114112K
  class space    used 6577K, committed 6720K, reserved 1048576K
}
Event: 14.844 GC heap after
{Heap after GC invocations=19 (full 0):
 garbage-first heap   total 124928K, used 80246K [0x000000008a600000, 0x0000000100000000)
  region size 1024K, 5 young (5120K), 5 survivors (5120K)
 Metaspace       used 56613K, committed 56960K, reserved 1114112K
  class space    used 6577K, committed 6720K, reserved 1048576K
}
Event: 16.069 GC heap before
{Heap before GC invocations=19 (full 0):
 garbage-first heap   total 124928K, used 107894K [0x000000008a600000, 0x0000000100000000)
  region size 1024K, 32 young (32768K), 5 survivors (5120K)
 Metaspace       used 57932K, committed 58240K, reserved 1114112K
  class space    used 6658K, committed 6784K, reserved 1048576K
}
Event: 16.096 GC heap after
{Heap after GC invocations=20 (full 0):
 garbage-first heap   total 124928K, used 85480K [0x000000008a600000, 0x0000000100000000)
  region size 1024K, 4 young (4096K), 4 survivors (4096K)
 Metaspace       used 57932K, committed 58240K, reserved 1114112K
  class space    used 6658K, committed 6784K, reserved 1048576K
}
Event: 18.382 GC heap before
{Heap before GC invocations=21 (full 0):
 garbage-first heap   total 143360K, used 109032K [0x000000008a600000, 0x0000000100000000)
  region size 1024K, 28 young (28672K), 4 survivors (4096K)
 Metaspace       used 58697K, committed 59008K, reserved 1114112K
  class space    used 6695K, committed 6848K, reserved 1048576K
}
Event: 18.396 GC heap after
{Heap after GC invocations=22 (full 0):
 garbage-first heap   total 143360K, used 87304K [0x000000008a600000, 0x0000000100000000)
  region size 1024K, 3 young (3072K), 3 survivors (3072K)
 Metaspace       used 58697K, committed 59008K, reserved 1114112K
  class space    used 6695K, committed 6848K, reserved 1048576K
}

Dll operation events (7 events):
Event: 0.011 Loaded shared library C:\Program Files\Java\jdk-20\bin\java.dll
Event: 0.022 Loaded shared library C:\Program Files\Java\jdk-20\bin\jsvml.dll
Event: 0.082 Loaded shared library C:\Program Files\Java\jdk-20\bin\net.dll
Event: 0.085 Loaded shared library C:\Program Files\Java\jdk-20\bin\nio.dll
Event: 0.120 Loaded shared library C:\Program Files\Java\jdk-20\bin\zip.dll
Event: 0.163 Loaded shared library C:\Program Files\Java\jdk-20\bin\jimage.dll
Event: 2.157 Loaded shared library C:\Program Files\Java\jdk-20\bin\verify.dll

Deoptimization events (20 events):
Event: 18.243 Thread 0x000001fcfe22eb50 Uncommon trap: trap_request=0xffffff45 fr.pc=0x000001fc8fb34718 relative=0x0000000000000118
Event: 18.243 Thread 0x000001fcfe22eb50 Uncommon trap: reason=unstable_if action=reinterpret pc=0x000001fc8fb34718 method=org.jetbrains.kotlin.fir.resolve.calls.tower.TowerGroup.compareTo(Lorg/jetbrains/kotlin/fir/resolve/calls/tower/TowerGroup;)I @ 107 c2
Event: 18.243 Thread 0x000001fcfe22eb50 DEOPT PACKING pc=0x000001fc8fb34718 sp=0x000000b220bf7920
Event: 18.243 Thread 0x000001fcfe22eb50 DEOPT UNPACKING pc=0x000001fc8f589d22 sp=0x000000b220bf7868 mode 2
Event: 18.296 Thread 0x000001fcfe22eb50 Uncommon trap: trap_request=0xffffffc6 fr.pc=0x000001fc8fdb4e98 relative=0x00000000000018f8
Event: 18.296 Thread 0x000001fcfe22eb50 Uncommon trap: reason=bimorphic_or_optimized_type_check action=maybe_recompile pc=0x000001fc8fdb4e98 method=org.jetbrains.kotlin.fir.resolve.calls.tower.FirBaseTowerResolveTask.processLevel(Lorg/jetbrains/kotlin/fir/resolve/calls/tower/TowerScopeLevel;Lor
Event: 18.296 Thread 0x000001fcfe22eb50 DEOPT PACKING pc=0x000001fc8fdb4e98 sp=0x000000b220bf6ec0
Event: 18.296 Thread 0x000001fcfe22eb50 DEOPT UNPACKING pc=0x000001fc8f589d22 sp=0x000000b220bf6ec0 mode 2
Event: 18.296 Thread 0x000001fcfe22eb50 Uncommon trap: trap_request=0xffffff45 fr.pc=0x000001fc8fb32b30 relative=0x0000000000000970
Event: 18.296 Thread 0x000001fcfe22eb50 Uncommon trap: reason=unstable_if action=reinterpret pc=0x000001fc8fb32b30 method=org.jetbrains.kotlin.fir.resolve.calls.tower.TowerGroup.compareTo(Lorg/jetbrains/kotlin/fir/resolve/calls/tower/TowerGroup;)I @ 130 c2
Event: 18.296 Thread 0x000001fcfe22eb50 DEOPT PACKING pc=0x000001fc8fb32b30 sp=0x000000b220bf6c30
Event: 18.296 Thread 0x000001fcfe22eb50 DEOPT UNPACKING pc=0x000001fc8f589d22 sp=0x000000b220bf6b28 mode 2
Event: 18.322 Thread 0x000001fcfe22eb50 Uncommon trap: trap_request=0xffffffc6 fr.pc=0x000001fc8fdb4e98 relative=0x00000000000018f8
Event: 18.322 Thread 0x000001fcfe22eb50 Uncommon trap: reason=bimorphic_or_optimized_type_check action=maybe_recompile pc=0x000001fc8fdb4e98 method=org.jetbrains.kotlin.fir.resolve.calls.tower.FirBaseTowerResolveTask.processLevel(Lorg/jetbrains/kotlin/fir/resolve/calls/tower/TowerScopeLevel;Lor
Event: 18.322 Thread 0x000001fcfe22eb50 DEOPT PACKING pc=0x000001fc8fdb4e98 sp=0x000000b220bf6ec0
Event: 18.322 Thread 0x000001fcfe22eb50 DEOPT UNPACKING pc=0x000001fc8f589d22 sp=0x000000b220bf6ec0 mode 2
Event: 18.337 Thread 0x000001fcfe22eb50 Uncommon trap: trap_request=0xffffffc6 fr.pc=0x000001fc8fdb4e98 relative=0x00000000000018f8
Event: 18.337 Thread 0x000001fcfe22eb50 Uncommon trap: reason=bimorphic_or_optimized_type_check action=maybe_recompile pc=0x000001fc8fdb4e98 method=org.jetbrains.kotlin.fir.resolve.calls.tower.FirBaseTowerResolveTask.processLevel(Lorg/jetbrains/kotlin/fir/resolve/calls/tower/TowerScopeLevel;Lor
Event: 18.337 Thread 0x000001fcfe22eb50 DEOPT PACKING pc=0x000001fc8fdb4e98 sp=0x000000b220bf69b0
Event: 18.337 Thread 0x000001fcfe22eb50 DEOPT UNPACKING pc=0x000001fc8f589d22 sp=0x000000b220bf69b0 mode 2

Classes loaded (20 events):
Event: 9.999 Loading class java/util/EnumMap$EntryIterator$Entry
Event: 10.001 Loading class java/util/EnumMap$EntryIterator$Entry done
Event: 10.123 Loading class java/lang/Byte$ByteCache
Event: 10.126 Loading class java/lang/Byte$ByteCache done
Event: 10.170 Loading class java/lang/Short$ShortCache
Event: 10.170 Loading class java/lang/Short$ShortCache done
Event: 10.816 Loading class java/lang/Character$UnicodeBlock
Event: 10.819 Loading class java/lang/Character$Subset
Event: 10.819 Loading class java/lang/Character$Subset done
Event: 10.819 Loading class java/lang/Character$UnicodeBlock done
Event: 10.985 Loading class sun/nio/cs/ThreadLocalCoders
Event: 10.986 Loading class sun/nio/cs/ThreadLocalCoders done
Event: 10.986 Loading class sun/nio/cs/ThreadLocalCoders$1
Event: 10.988 Loading class sun/nio/cs/ThreadLocalCoders$Cache
Event: 10.988 Loading class sun/nio/cs/ThreadLocalCoders$Cache done
Event: 10.988 Loading class sun/nio/cs/ThreadLocalCoders$1 done
Event: 10.988 Loading class sun/nio/cs/ThreadLocalCoders$2
Event: 10.988 Loading class sun/nio/cs/ThreadLocalCoders$2 done
Event: 13.407 Loading class java/util/AbstractList$RandomAccessSubList
Event: 13.411 Loading class java/util/AbstractList$RandomAccessSubList done

Classes unloaded (0 events):
No events

Classes redefined (0 events):
No events

Internal exceptions (20 events):
Event: 13.486 Thread 0x000001fcfe22eb50 Exception <a 'java/lang/NoSuchMethodError'{0x000000008f755468}: 'java.lang.Object java.lang.invoke.DirectMethodHandle$Holder.newInvokeSpecial(java.lang.Object, int, java.lang.Object, java.lang.Object)'> (0x000000008f755468) 
thrown [s\open\src\hotspot\share\interpreter\linkResolver.cpp, line 773]
Event: 13.486 Thread 0x000001fcfe22eb50 Exception <a 'java/lang/NoSuchMethodError'{0x000000008f759af8}: 'java.lang.Object java.lang.invoke.DirectMethodHandle$Holder.invokeSpecial(java.lang.Object, java.lang.Object, int, java.lang.Object, java.lang.Object)'> (0x000000008f759af8) 
thrown [s\open\src\hotspot\share\interpreter\linkResolver.cpp, line 773]
Event: 13.500 Thread 0x000001fcfe22eb50 Exception <a 'java/lang/NoSuchMethodError'{0x000000008f788168}: 'java.lang.Object java.lang.invoke.DirectMethodHandle$Holder.invokeStatic(java.lang.Object, int, java.lang.Object, java.lang.Object)'> (0x000000008f788168) 
thrown [s\open\src\hotspot\share\interpreter\linkResolver.cpp, line 773]
Event: 13.551 Thread 0x000001fcfe22eb50 Exception <a 'java/lang/NoSuchMethodError'{0x000000008f666950}: 'java.lang.Object java.lang.invoke.DirectMethodHandle$Holder.newInvokeSpecial(java.lang.Object, java.lang.Object, java.lang.Object, java.lang.Object, int, java.lang.Object, java.lang.Object)'> (0x000000008f666950) 
thrown [s\open\src\hotspot\share\interpreter\linkResolver.cpp, line 773]
Event: 13.551 Thread 0x000001fcfe22eb50 Exception <a 'java/lang/NoSuchMethodError'{0x000000008f66ecd0}: 'java.lang.Object java.lang.invoke.Invokers$Holder.linkToTargetMethod(java.lang.Object, java.lang.Object, java.lang.Object, int, java.lang.Object, java.lang.Object, java.lang.Object)'> (0x000000008f66ecd0) 
thrown [s\open\src\hotspot\share\interpreter\linkResolver.cpp, line 773]
Event: 13.662 Thread 0x000001fcfe22eb50 Exception <a 'java/lang/NoSuchMethodError'{0x000000008f5a3078}: 'java.lang.Object java.lang.invoke.DirectMethodHandle$Holder.newInvokeSpecial(java.lang.Object, java.lang.Object, java.lang.Object, java.lang.Object, java.lang.Object, int)'> (0x000000008f5a3078) 
thrown [s\open\src\hotspot\share\interpreter\linkResolver.cpp, line 773]
Event: 13.662 Thread 0x000001fcfe22eb50 Exception <a 'java/lang/NoSuchMethodError'{0x000000008f5a7a60}: 'java.lang.Object java.lang.invoke.DirectMethodHandle$Holder.invokeSpecial(java.lang.Object, java.lang.Object, java.lang.Object, java.lang.Object, java.lang.Object, java.lang.Object, int)'> (0x000000008f5a7a60) 
thrown [s\open\src\hotspot\share\interpreter\linkResolver.cpp, line 773]
Event: 13.663 Thread 0x000001fcfe22eb50 Exception <a 'java/lang/NoSuchMethodError'{0x000000008f5abde8}: 'java.lang.Object java.lang.invoke.Invokers$Holder.linkToTargetMethod(java.lang.Object, java.lang.Object, java.lang.Object, java.lang.Object, int, java.lang.Object)'> (0x000000008f5abde8) 
thrown [s\open\src\hotspot\share\interpreter\linkResolver.cpp, line 773]
Event: 13.776 Thread 0x000001fcfe22eb50 Exception <a 'java/lang/NoSuchMethodError'{0x000000008f219390}: 'java.lang.Object java.lang.invoke.DirectMethodHandle$Holder.newInvokeSpecial(java.lang.Object, java.lang.Object, java.lang.Object, int)'> (0x000000008f219390) 
thrown [s\open\src\hotspot\share\interpreter\linkResolver.cpp, line 773]
Event: 13.776 Thread 0x000001fcfe22eb50 Exception <a 'java/lang/NoSuchMethodError'{0x000000008f21d170}: 'java.lang.Object java.lang.invoke.DirectMethodHandle$Holder.invokeSpecial(java.lang.Object, java.lang.Object, java.lang.Object, java.lang.Object, int)'> (0x000000008f21d170) 
thrown [s\open\src\hotspot\share\interpreter\linkResolver.cpp, line 773]
Event: 13.777 Thread 0x000001fcfe22eb50 Exception <a 'java/lang/NoSuchMethodError'{0x000000008f2208a8}: 'java.lang.Object java.lang.invoke.Invokers$Holder.linkToTargetMethod(java.lang.Object, java.lang.Object, int, java.lang.Object)'> (0x000000008f2208a8) 
thrown [s\open\src\hotspot\share\interpreter\linkResolver.cpp, line 773]
Event: 14.576 Thread 0x000001fcfe22eb50 Exception <a 'java/lang/NoSuchMethodError'{0x0000000090765308}: 'java.lang.Object java.lang.invoke.DirectMethodHandle$Holder.invokeStatic(java.lang.Object, java.lang.Object, java.lang.Object, int, java.lang.Object, java.lang.Object)'> (0x0000000090765308) 
thrown [s\open\src\hotspot\share\interpreter\linkResolver.cpp, line 773]
Event: 14.752 Thread 0x000001fcfe22eb50 Exception <a 'java/lang/NoSuchMethodError'{0x000000008f78d910}: 'java.lang.Object java.lang.invoke.DirectMethodHandle$Holder.invokeStatic(java.lang.Object, int, java.lang.Object)'> (0x000000008f78d910) 
thrown [s\open\src\hotspot\share\interpreter\linkResolver.cpp, line 773]
Event: 14.943 Thread 0x000001fcfe22eb50 Exception <a 'java/lang/NoSuchMethodError'{0x00000000914f6a30}: 'java.lang.Object java.lang.invoke.DirectMethodHandle$Holder.invokeStatic(java.lang.Object, int, java.lang.Object, java.lang.Object, java.lang.Object, java.lang.Object, java.lang.Object)'> (0x00000000914f6a30) 
thrown [s\open\src\hotspot\share\interpreter\linkResolver.cpp, line 773]
Event: 14.943 Thread 0x000001fcfe22eb50 Exception <a 'java/lang/NoSuchMethodError'{0x00000000913018b8}: 'java.lang.Object java.lang.invoke.DirectMethodHandle$Holder.newInvokeSpecial(java.lang.Object, int, java.lang.Object, java.lang.Object, java.lang.Object)'> (0x00000000913018b8) 
thrown [s\open\src\hotspot\share\interpreter\linkResolver.cpp, line 773]
Event: 14.944 Thread 0x000001fcfe22eb50 Exception <a 'java/lang/NoSuchMethodError'{0x0000000091306328}: 'java.lang.Object java.lang.invoke.DirectMethodHandle$Holder.invokeSpecial(java.lang.Object, java.lang.Object, int, java.lang.Object, java.lang.Object, java.lang.Object)'> (0x0000000091306328) 
thrown [s\open\src\hotspot\share\interpreter\linkResolver.cpp, line 773]
Event: 14.944 Thread 0x000001fcfe22eb50 Exception <a 'java/lang/NoSuchMethodError'{0x000000009130a370}: 'java.lang.Object java.lang.invoke.Invokers$Holder.linkToTargetMethod(int, java.lang.Object, java.lang.Object, java.lang.Object, java.lang.Object)'> (0x000000009130a370) 
thrown [s\open\src\hotspot\share\interpreter\linkResolver.cpp, line 773]
Event: 16.367 Thread 0x000001fcfe22eb50 Exception <a 'java/lang/NoSuchMethodError'{0x00000000928f0d38}: 'java.lang.Object java.lang.invoke.DirectMethodHandle$Holder.newInvokeSpecial(java.lang.Object, java.lang.Object, java.lang.Object, java.lang.Object, java.lang.Object, java.lang.Object, int)'> (0x00000000928f0d38) 
thrown [s\open\src\hotspot\share\interpreter\linkResolver.cpp, line 773]
Event: 16.368 Thread 0x000001fcfe22eb50 Exception <a 'java/lang/NoSuchMethodError'{0x00000000928f5af8}: 'java.lang.Object java.lang.invoke.DirectMethodHandle$Holder.invokeSpecial(java.lang.Object, java.lang.Object, java.lang.Object, java.lang.Object, java.lang.Object, java.lang.Object, java.lang.Object, int)'> (0x00000000928f5af8) 
thrown [s\open\src\hotspot\share\interpreter\linkResolver.cpp, line 773]
Event: 16.823 Thread 0x000001fcfe22eb50 Exception <a 'java/lang/NoSuchMethodError'{0x0000000091eb9708}: 'java.lang.Object java.lang.invoke.DirectMethodHandle$Holder.newInvokeSpecial(java.lang.Object, java.lang.Object, java.lang.Object, java.lang.Object, java.lang.Object, java.lang.Object, java.lang.Object, java.lang.Object, java.lang.Object)'> (0x0000000091eb9708) 
thrown [s\open\src\hotspot\share\interpreter\linkResolver.cpp, line 773]

VM Operations (20 events):
Event: 16.199 Executing VM operation: G1PauseRemark done
Event: 16.230 Executing VM operation: G1PauseCleanup
Event: 16.231 Executing VM operation: G1PauseCleanup done
Event: 16.427 Executing VM operation: ICBufferFull
Event: 16.428 Executing VM operation: ICBufferFull done
Event: 16.782 Executing VM operation: ICBufferFull
Event: 16.782 Executing VM operation: ICBufferFull done
Event: 16.799 Executing VM operation: HandshakeAllThreads
Event: 16.799 Executing VM operation: HandshakeAllThreads done
Event: 16.803 Executing VM operation: HandshakeAllThreads
Event: 16.803 Executing VM operation: HandshakeAllThreads done
Event: 16.930 Executing VM operation: ICBufferFull
Event: 16.931 Executing VM operation: ICBufferFull done
Event: 17.935 Executing VM operation: Cleanup
Event: 18.045 Executing VM operation: Cleanup done
Event: 18.248 Executing VM operation: ICBufferFull
Event: 18.248 Executing VM operation: ICBufferFull done
Event: 18.382 Executing VM operation: G1CollectForAllocation
Event: 18.396 Executing VM operation: G1CollectForAllocation done
Event: 19.400 Executing VM operation: Cleanup

Events (20 events):
Event: 16.198 Thread 0x000001fcfff8fab0 flushing nmethod 0x000001fc8fb31b10
Event: 16.198 Thread 0x000001fcfff8fab0 flushing nmethod 0x000001fc8fb8a590
Event: 16.198 Thread 0x000001fcfff8fab0 flushing nmethod 0x000001fc8fb88610
Event: 16.198 Thread 0x000001fcfff8fab0 flushing nmethod 0x000001fc8fb83010
Event: 16.198 Thread 0x000001fcfff8fab0 flushing nmethod 0x000001fc8fb7c410
Event: 16.198 Thread 0x000001fcfff8fab0 flushing nmethod 0x000001fc8fb79410
Event: 16.198 Thread 0x000001fcfff8fab0 flushing nmethod 0x000001fc8fb68990
Event: 16.198 Thread 0x000001fcfff8fab0 flushing nmethod 0x000001fc8fb62d90
Event: 16.198 Thread 0x000001fcfff8fab0 flushing nmethod 0x000001fc8fb61790
Event: 16.198 Thread 0x000001fcfff8fab0 flushing nmethod 0x000001fc8fb60590
Event: 16.198 Thread 0x000001fcfff8fab0 flushing nmethod 0x000001fc8fb53210
Event: 16.198 Thread 0x000001fcfff8fab0 flushing nmethod 0x000001fc8fb4ea90
Event: 16.198 Thread 0x000001fcfff8fab0 flushing nmethod 0x000001fc8fb49a90
Event: 16.198 Thread 0x000001fcfff8fab0 flushing nmethod 0x000001fc8fb38b10
Event: 16.198 Thread 0x000001fcfff8fab0 flushing nmethod 0x000001fc8fb2d190
Event: 16.198 Thread 0x000001fcfff8fab0 flushing nmethod 0x000001fc8fb21b10
Event: 16.198 Thread 0x000001fcfff8fab0 flushing nmethod 0x000001fc8fb0f810
Event: 16.198 Thread 0x000001fcfff8fab0 flushing nmethod 0x000001fc8fb0ed90
Event: 16.198 Thread 0x000001fcfff8fab0 flushing nmethod 0x000001fc8fb10d90
Event: 16.198 Thread 0x000001fcfff8fab0 flushing nmethod 0x000001fc8faf3810


Dynamic libraries:
0x00007ff75d6c0000 - 0x00007ff75d6d0000 	C:\Program Files\Java\jdk-20\bin\java.exe
0x00007ffb1c980000 - 0x00007ffb1cbe7000 	C:\WINDOWS\SYSTEM32\ntdll.dll
0x00007ffaff600000 - 0x00007ffaff620000 	C:\Program Files\Avast Software\Avast\aswhook.dll
0x00007ffb1a730000 - 0x00007ffb1a7f9000 	C:\WINDOWS\System32\KERNEL32.DLL
0x00007ffb1a1d0000 - 0x00007ffb1a5c0000 	C:\WINDOWS\System32\KERNELBASE.dll
0x00007ffb19e70000 - 0x00007ffb19fbb000 	C:\WINDOWS\System32\ucrtbase.dll
0x00007ffab8b40000 - 0x00007ffab8b59000 	C:\Program Files\Java\jdk-20\bin\jli.dll
0x00007ffab8b20000 - 0x00007ffab8b3b000 	C:\Program Files\Java\jdk-20\bin\VCRUNTIME140.dll
0x00007ffb1bef0000 - 0x00007ffb1bfa4000 	C:\WINDOWS\System32\ADVAPI32.dll
0x00007ffb1ac40000 - 0x00007ffb1ace9000 	C:\WINDOWS\System32\msvcrt.dll
0x00007ffb1c6c0000 - 0x00007ffb1c766000 	C:\WINDOWS\System32\sechost.dll
0x00007ffb1c820000 - 0x00007ffb1c938000 	C:\WINDOWS\System32\RPCRT4.dll
0x00007ffb1acf0000 - 0x00007ffb1aeb5000 	C:\WINDOWS\System32\USER32.dll
0x00007ffb19fc0000 - 0x00007ffb19fe7000 	C:\WINDOWS\System32\win32u.dll
0x00007ffb00fc0000 - 0x00007ffb0125a000 	C:\WINDOWS\WinSxS\amd64_microsoft.windows.common-controls_6595b64144ccf1df_6.0.26100.4768_none_3e0c112ce331287c\COMCTL32.dll
0x00007ffb1ac10000 - 0x00007ffb1ac3b000 	C:\WINDOWS\System32\GDI32.dll
0x00007ffb1a5d0000 - 0x00007ffb1a708000 	C:\WINDOWS\System32\gdi32full.dll
0x00007ffb1a090000 - 0x00007ffb1a133000 	C:\WINDOWS\System32\msvcp_win.dll
0x00007ffb11be0000 - 0x00007ffb11beb000 	C:\WINDOWS\SYSTEM32\VERSION.dll
0x00007ffb1c1a0000 - 0x00007ffb1c1cf000 	C:\WINDOWS\System32\IMM32.DLL
0x00007ffab8b10000 - 0x00007ffab8b1c000 	C:\Program Files\Java\jdk-20\bin\vcruntime140_1.dll
0x00007ffa334c0000 - 0x00007ffa3354e000 	C:\Program Files\Java\jdk-20\bin\msvcp140.dll
0x00007ffa1a630000 - 0x00007ffa1b2c7000 	C:\Program Files\Java\jdk-20\bin\server\jvm.dll
0x00007ffafc280000 - 0x00007ffafc28a000 	C:\WINDOWS\SYSTEM32\WSOCK32.dll
0x00007ffb11ba0000 - 0x00007ffb11bd5000 	C:\WINDOWS\SYSTEM32\WINMM.dll
0x00007ffb1b150000 - 0x00007ffb1b1c4000 	C:\WINDOWS\System32\WS2_32.dll
0x00007ffb18830000 - 0x00007ffb1884b000 	C:\WINDOWS\SYSTEM32\kernel.appcore.dll
0x00007ffab8b00000 - 0x00007ffab8b0a000 	C:\Program Files\Java\jdk-20\bin\jimage.dll
0x00007ffb0c430000 - 0x00007ffb0c671000 	C:\WINDOWS\SYSTEM32\DBGHELP.DLL
0x00007ffb1a880000 - 0x00007ffb1ac05000 	C:\WINDOWS\System32\combase.dll
0x00007ffb1be00000 - 0x00007ffb1bee0000 	C:\WINDOWS\System32\OLEAUT32.dll
0x00007ffb0beb0000 - 0x00007ffb0bef3000 	C:\WINDOWS\SYSTEM32\dbgcore.DLL
0x00007ffb19ff0000 - 0x00007ffb1a089000 	C:\WINDOWS\System32\bcryptPrimitives.dll
0x00007ffa64140000 - 0x00007ffa64166000 	C:\Program Files\Java\jdk-20\bin\java.dll
0x00007ffa333e0000 - 0x00007ffa334b7000 	C:\Program Files\Java\jdk-20\bin\jsvml.dll
0x00007ffb1b3e0000 - 0x00007ffb1bb2d000 	C:\WINDOWS\System32\SHELL32.dll
0x00007ffb19cf0000 - 0x00007ffb19e63000 	C:\WINDOWS\System32\wintypes.dll
0x00007ffb17690000 - 0x00007ffb17ef0000 	C:\WINDOWS\SYSTEM32\windows.storage.dll
0x00007ffb1bb30000 - 0x00007ffb1bc25000 	C:\WINDOWS\System32\SHCORE.dll
0x00007ffb1bfb0000 - 0x00007ffb1c01a000 	C:\WINDOWS\System32\shlwapi.dll
0x00007ffb199d0000 - 0x00007ffb199f9000 	C:\WINDOWS\SYSTEM32\profapi.dll
0x00007ffaab870000 - 0x00007ffaab883000 	C:\Program Files\Java\jdk-20\bin\net.dll
0x00007ffb0f830000 - 0x00007ffb0f94e000 	C:\WINDOWS\SYSTEM32\WINHTTP.dll
0x00007ffb18dc0000 - 0x00007ffb18e2b000 	C:\WINDOWS\system32\mswsock.dll
0x00007ffa9a030000 - 0x00007ffa9a046000 	C:\Program Files\Java\jdk-20\bin\nio.dll
0x00007ffa65d70000 - 0x00007ffa65d88000 	C:\Program Files\Java\jdk-20\bin\zip.dll
0x00007ffab89f0000 - 0x00007ffab8a00000 	C:\Program Files\Java\jdk-20\bin\verify.dll

dbghelp: loaded successfully - version: 4.0.5 - missing functions: none
symbol engine: initialized successfully - sym options: 0x614 - pdb path: .;C:\Program Files\Java\jdk-20\bin;C:\WINDOWS\SYSTEM32;C:\Program Files\Avast Software\Avast;C:\WINDOWS\WinSxS\amd64_microsoft.windows.common-controls_6595b64144ccf1df_6.0.26100.4768_none_3e0c112ce331287c;C:\Program Files\Java\jdk-20\bin\server

VM Arguments:
java_command: org.jetbrains.kotlin.cli.jvm.K2JVMCompiler @C:\Users\suraj\Desktop\Code\DhanRakshak\client\node_modules\expo-modules-core\android\build\20250817_17552662002750798311.compiler.options
java_class_path (initial): C:\Users\suraj\.gradle\caches\modules-2\files-2.1\org.jetbrains.kotlin\kotlin-compiler-embeddable\2.0.21\79346ed53db48b18312a472602eb5c057070c54d\kotlin-compiler-embeddable-2.0.21.jar;C:\Users\suraj\.gradle\caches\modules-2\files-2.1\org.jetbrains.kotlin\kotlin-stdlib\2.0.21\618b539767b4899b4660a83006e052b63f1db551\kotlin-stdlib-2.0.21.jar;C:\Users\suraj\.gradle\caches\modules-2\files-2.1\org.jetbrains.kotlin\kotlin-script-runtime\2.0.21\c9b044380ad41f89aa89aa896c2d32a8c0b2129d\kotlin-script-runtime-2.0.21.jar;C:\Users\suraj\.gradle\caches\modules-2\files-2.1\org.jetbrains.kotlin\kotlin-reflect\1.6.10\1cbe9c92c12a94eea200d23c2bbaedaf3daf5132\kotlin-reflect-1.6.10.jar;C:\Users\suraj\.gradle\caches\modules-2\files-2.1\org.jetbrains.kotlin\kotlin-daemon-embeddable\2.0.21\c9e933b23287de9b5a17e2116b4657bb91aea72c\kotlin-daemon-embeddable-2.0.21.jar;C:\Users\suraj\.gradle\caches\modules-2\files-2.1\org.jetbrains.intellij.deps\trove4j\1.0.20200330\3afb14d5f9ceb459d724e907a21145e8ff394f02\trove4j-1.0.20200330.jar;C:\Users\suraj\.gradle\caches\modules-2\files-2.1\org.jetbrains.kotlinx\kotlinx-coroutines-core-jvm\1.6.4\2c997cd1c0ef33f3e751d3831929aeff1390cb30\kotlinx-coroutines-core-jvm-1.6.4.jar;C:\Users\suraj\.gradle\caches\modules-2\files-2.1\org.jetbrains\annotations\13.0\919f0dfe192fb4e063e7dacadee7f8bb9a2672a9\annotations-13.0.jar
Launcher Type: SUN_STANDARD

[Global flags]
     intx CICompilerCount                          = 4                                         {product} {ergonomic}
     uint ConcGCThreads                            = 3                                         {product} {ergonomic}
     uint G1ConcRefinementThreads                  = 10                                        {product} {ergonomic}
   size_t G1HeapRegionSize                         = 1048576                                   {product} {ergonomic}
    uintx GCDrainStackTargetSize                   = 64                                        {product} {ergonomic}
   size_t InitialHeapSize                          = 123731968                                 {product} {ergonomic}
   size_t MarkStackSize                            = 4194304                                   {product} {ergonomic}
   size_t MaxHeapSize                              = 1973420032                                {product} {ergonomic}
   size_t MaxNewSize                               = 1183842304                                {product} {ergonomic}
   size_t MinHeapDeltaBytes                        = 1048576                                   {product} {ergonomic}
   size_t MinHeapSize                              = 8388608                                   {product} {ergonomic}
    uintx NonNMethodCodeHeapSize                   = 5839372                                {pd product} {ergonomic}
    uintx NonProfiledCodeHeapSize                  = 122909434                              {pd product} {ergonomic}
    uintx ProfiledCodeHeapSize                     = 122909434                              {pd product} {ergonomic}
    uintx ReservedCodeCacheSize                    = 251658240                              {pd product} {ergonomic}
     bool SegmentedCodeCache                       = true                                      {product} {ergonomic}
   size_t SoftMaxHeapSize                          = 1973420032                             {manageable} {ergonomic}
     bool UseCompressedClassPointers               = true                           {product lp64_product} {ergonomic}
     bool UseCompressedOops                        = true                           {product lp64_product} {ergonomic}
     bool UseG1GC                                  = true                                      {product} {ergonomic}
     bool UseLargePagesIndividualAllocation        = false                                  {pd product} {ergonomic}

Logging:
Log output configuration:
 #0: stdout all=warning uptime,level,tags foldmultilines=false
 #1: stderr all=off uptime,level,tags foldmultilines=false

Environment Variables:
CLASSPATH=C:\Users\suraj\Desktop\Code\DhanRakshak\client\android\\gradle\wrapper\gradle-wrapper.jar
PATH=C:\Users\suraj\Desktop\Code\DhanRakshak\client\node_modules\.bin;C:\Users\suraj\Desktop\Code\DhanRakshak\node_modules\.bin;C:\Users\suraj\Desktop\Code\node_modules\.bin;C:\Users\suraj\Desktop\node_modules\.bin;C:\Users\suraj\node_modules\.bin;C:\Users\node_modules\.bin;C:\node_modules\.bin;C:\Users\suraj\AppData\Roaming\npm\node_modules\npm\node_modules\@npmcli\run-script\lib\node-gyp-bin;C:\Users\suraj\algs4\java\bin;C:\Program Files\Common Files\Oracle\Java\javapath;C:\Program Files (x86)\Common Files\Oracle\Java\java8path;C:\Program Files (x86)\Common Files\Oracle\Java\javapath;C:\Program Files (x86)\Common Files\Intel\Shared Libraries\redist\intel64\compiler;C:\windows\system32;C:\windows;C:\windows\System32\Wbem;C:\windows\System32\WindowsPowerShell\v1.0\;C:\windows\System32\OpenSSH\;C:\MinGW\bin;C:\python 311\Scripts;C:\python 311;C:\python 311\libs;C:\python 311\Lib;C:\python 311\Lib\site-packages;C:\python 311\Lib\site-packages\PyPDF2;C:\Program Files\MongoDB\Server\6.0\bin;C:\Program Files\Docker\Docker\resources\bin;C:\Program Files\GitHub CLI\;C:\Program Files\Amazon\AWSCLIV2\;C:\Program Files\Git\cmd;C:\WINDOWS\system32;C:\WINDOWS;C:\WINDOWS\System32\Wbem;C:\WINDOWS\System32\WindowsPowerShell\v1.0\;C:\WINDOWS\System32\OpenSSH\;choco install -y nodejs-lts microsoft-openjdk17;C:\Users\suraj\AppData\Local\Android\Sdk\build-tools;C:\Users\suraj\AppData\Local\Android\Sdk;C:\Users\suraj\AppData\Local\Android\Sdk\emulator;C:\Users\suraj\AppData\Local\Android\Sdk\platforms;C:\Users\suraj\AppData\Local\Android\Sdk\platform-tools;C:\Program Files\Microsoft\jdk-17.0.13.11-hotspot\bin;C:\Program Files\Microsoft\jdk-17.0.13.11-hotspot;C:\ffmpeg-N-118369-g959b799c8d-win64-gpl-shared\bin;%NVM_HOME%;%NVM_SYMLINK%;C:\Program Files\MySQL\MySQL Shell 8.0\bin\;C:\Users\suraj\algs4\bin;C:\Users\suraj\algs4\java\bin;C:\Users\suraj\AppData\Local\Microsoft\WindowsApps;C:\Users\suraj\AppData\Local\Programs\Python\Python311\Scripts;C:\Users\suraj\AppData\Local\Programs\Python\Python311;C:\python 311\Scripts;C:\python 311;C:\python 311\Lib;c:\python 311\lib\site-packages;C:\Program Files\MongoDB\Server\6.0\bin;C:\Users\suraj\AppData\Local\GitHubDesktop\bin;C:\Users\suraj\AppData\Roaming\npm;C:\Users\suraj\AppData\Local\Microsoft\WindowsApps;C:\Users\suraj\AppData\Local\Android\Sdk;C:\Users\suraj\AppData\Local\Android\Sdk\platforms;C:\Users\suraj\AppData\Local\Android\Sdk\platform-tools;C:\Users\suraj\AppData\Local\Android\Sdk\emulator;C:\Users\suraj\AppData\Local\Android\Sdk\build-tools;C:\Program Files\Microsoft\jdk-17.0.13.11-hotspot\bin;C:\Program Files\Microsoft\jdk-17.0.13.11-hotspot;C:\Users\suraj\AppData\Local\Google\Cloud SDK\google-cloud-sdk\bin;C:\Users\suraj\AppData\Local\nvm;C:\nvm4w\nodejs;C:\Users\suraj\AppData\Local\Programs\cursor\resources\app\bin;C:\Program Files\JetBrains\WebStorm 2024.3.5\bin;;C:\Users\suraj\AppData\Local\Programs\Microsoft VS Code\bin
USERNAME=suraj
LANG=en_US.UTF-8
OS=Windows_NT
PROCESSOR_IDENTIFIER=AMD64 Family 25 Model 80 Stepping 0, AuthenticAMD
TMP=C:\Users\suraj\AppData\Local\Temp
TEMP=C:\Users\suraj\AppData\Local\Temp




---------------  S Y S T E M  ---------------

OS:
 Windows 11 , 64 bit Build 26100 (10.0.26100.4768)
OS uptime: 0 days 18:37 hours
Hyper-V role detected

CPU: total 12 (initial active 12) (12 cores per cpu, 2 threads per core) family 25 model 80 stepping 0 microcode 0xa50000d, cx8, cmov, fxsr, ht, mmx, 3dnowpref, sse, sse2, sse3, ssse3, sse4a, sse4.1, sse4.2, popcnt, lzcnt, tsc, tscinvbit, avx, avx2, aes, erms, clmul, bmi1, bmi2, adx, sha, fma, vzeroupper, clflush, clflushopt, hv, rdtscp, rdpid, fsrm, f16c, cet_ss

Memory: 4k page, system-wide physical 7520M (282M free)
TotalPageFile size 31072M (AvailPageFile size 1M)
current process WorkingSet (physical memory assigned to process): 296M, peak: 296M
current process commit charge ("private bytes"): 378M, peak: 379M

vm_info: Java HotSpot(TM) 64-Bit Server VM (20+36-2344) for windows-amd64 JRE (20+36-2344), built on 2023-02-10T19:30:15Z by "mach5one" with MS VC++ 17.1 (VS2022)

END.
